samplegrow(rigid) begins
For: CA
Trial: CPT	For: CPT
Trial: CPT	For: CPT
Trial: CY	For: CY
Trial: CPT	Rolled back: CA(3)	CA(3)
For: CA
Trial: NX	For: NX
Trial: CPT	For: CPT
Trial: CPT	For: CPT
Trial: NR2	For: NR2
Trial: CPH2	Rolled back: CA(3)	CA(3)
For: CA
Trial: CA	For: CA
Trial: CA	For: CA
Trial: NX	For: NX
Trial: CAS	For: CAS
Trial: CAS	CYCLIZED: CAS-CA
Cycle(5,0) completed
For: CAS
Trial: OH1	For: OH1
Trial: H	CA$(1)CA*$(1)CA*$(1)NX*$(0)CAS*$(1)CAS*$(0)OH1(0)H(0)	CA(1)CA(1)CA(1)CAS(1)
CA$(1)CA*$(1)CA*$(1)NX*$(0)CAS*$(1)CAS*$(0)OH1(0)H(0)	CA(1)CA(1)CA(1)CAS(1)
CA$(1)CA*$(1)CA*$(1)NX*$(0)CAS*$(1)CAS*$(0)OH1(0)H(0)	CA(1)CA(1)CA(1)CAS(1)
For: CAS
Trial: OS	For: OS
Trial: CDX	For: CDX
Trial: OB	CA$(1)CA*$(1)CA*$(1)NX*$(0)CAS*$(0)CAS*$(0)OH1(0)H(0)OS(0)CDX(1)OB(0)	CA(1)CA(1)CA(1)CDX(1)
CA$(1)CA*$(1)CA*$(1)NX*$(0)CAS*$(0)CAS*$(0)OH1(0)H(0)OS(0)CDX(1)OB(0)	CA(1)CA(1)CA(1)CDX(1)
CA$(1)CA*$(1)CA*$(1)NX*$(0)CAS*$(0)CAS*$(0)OH1(0)H(0)OS(0)CDX(1)OB(0)	CA(1)CA(1)CA(1)CDX(1)
CA$(1)CA*$(1)CA*$(1)NX*$(0)CAS*$(0)CAS*$(0)OH1(0)H(0)OS(0)CDX(1)OB(0)	CA(1)CA(1)CA(1)CDX(1)
CA$(1)CA*$(1)CA*$(1)NX*$(0)CAS*$(0)CAS*$(0)OH1(0)H(0)OS(0)CDX(1)OB(0)	CA(1)CA(1)CA(1)CDX(1)
CA$(1)CA*$(1)CA*$(1)NX*$(0)CAS*$(0)CAS*$(0)OH1(0)H(0)OS(0)CDX(1)OB(0)	CA(1)CA(1)CA(1)CDX(1)
CA$(1)CA*$(1)CA*$(1)NX*$(0)CAS*$(0)CAS*$(0)OH1(0)H(0)OS(0)CDX(1)OB(0)	CA(1)CA(1)CA(1)CDX(1)
For: CA
Trial: NE1B	For: NE1B
Trial: CE1A	For: CE1A
Trial: CT3	For: CT3
Trial: HB	CA$(1)CA*$(1)CA*$(0)NX*$(0)CAS*$(0)CAS*$(0)OH1(0)H(0)OS(0)CDX(1)OB(0)NE1B(0)CE1A(1)CT3(2)HB(0)	CA(1)CA(1)CDX(1)CE1A(1)CT3(2)
For: CT3
Trial: HA	CA$(1)CA*$(1)CA*$(0)NX*$(0)CAS*$(0)CAS*$(0)OH1(0)H(0)OS(0)CDX(1)OB(0)NE1B(0)CE1A(1)CT3(1)HB(0)HA(0)	CA(1)CA(1)CDX(1)CE1A(1)CT3(1)
For: CT3
Trial: HB	CA$(1)CA*$(1)CA*$(0)NX*$(0)CAS*$(0)CAS*$(0)OH1(0)H(0)OS(0)CDX(1)OB(0)NE1B(0)CE1A(1)CT3(0)HB(0)HA(0)HB(0)	CA(1)CA(1)CDX(1)CE1A(1)
CA$(1)CA*$(1)CA*$(0)NX*$(0)CAS*$(0)CAS*$(0)OH1(0)H(0)OS(0)CDX(1)OB(0)NE1B(0)CE1A(1)CT3(0)HB(0)HA(0)HB(0)	CA(1)CA(1)CDX(1)CE1A(1)
CA$(1)CA*$(1)CA*$(0)NX*$(0)CAS*$(0)CAS*$(0)OH1(0)H(0)OS(0)CDX(1)OB(0)NE1B(0)CE1A(1)CT3(0)HB(0)HA(0)HB(0)	CA(1)CA(1)CDX(1)CE1A(1)
CA$(1)CA*$(1)CA*$(0)NX*$(0)CAS*$(0)CAS*$(0)OH1(0)H(0)OS(0)CDX(1)OB(0)NE1B(0)CE1A(1)CT3(0)HB(0)HA(0)HB(0)	CA(1)CA(1)CDX(1)CE1A(1)
For: CE1A
Trial: CA	For: CA
Trial: CA	For: CA
Trial: CAS	For: CAS
Trial: CAS	For: CAS
Trial: NX	Rolled back: CA$(1)CA*$(1)CA*$(0)NX*$(0)CAS*$(0)CAS*$(0)OH1(0)H(0)OS(0)CDX(1)OB(0)NE1B(0)CE1A(1)CT3(0)HB(0)HA(0)HB(0)	CA(1)CA(1)CDX(1)CE1A(1)
For: CA
Trial: NH3	CA$(1)CA*$(0)CA*$(0)NX*$(0)CAS*$(0)CAS*$(0)OH1(0)H(0)OS(0)CDX(1)OB(0)NE1B(0)CE1A(1)CT3(0)HB(0)HA(0)HB(0)NH3(2)	CA(1)CDX(1)CE1A(1)NH3(2)
For: NH3
Trial: CE1B	For: CE1B
Trial: NE1A	For: NE1A
Trial: CE1B	For: CE1B
Trial: NH3	CA$(1)CA*$(0)CA*$(0)NX*$(0)CAS*$(0)CAS*$(0)OH1(0)H(0)OS(0)CDX(1)OB(0)NE1B(0)CE1A(1)CT3(0)HB(0)HA(0)HB(0)NH3(1)CE1B(1)NE1A(0)CE1B(1)NH3(2)	CA(1)CDX(1)CE1A(1)NH3(1)CE1B(1)CE1B(1)NH3(2)
CA$(1)CA*$(0)CA*$(0)NX*$(0)CAS*$(0)CAS*$(0)OH1(0)H(0)OS(0)CDX(1)OB(0)NE1B(0)CE1A(1)CT3(0)HB(0)HA(0)HB(0)NH3(1)CE1B(1)NE1A(0)CE1B(1)NH3(2)	CA(1)CDX(1)CE1A(1)NH3(1)CE1B(1)CE1B(1)NH3(2)
Rolled back: CA$(1)CA*$(0)CA*$(0)NX*$(0)CAS*$(0)CAS*$(0)OH1(0)H(0)OS(0)CDX(1)OB(0)NE1B(0)CE1A(1)CT3(0)HB(0)HA(0)HB(0)NH3(2)	CA(1)CDX(1)CE1A(1)NH3(2)
For: CE1A
Trial: NHZ	For: NHZ
Trial: NHZ	CA$(1)CA*$(0)CA*$(0)NX*$(0)CAS*$(0)CAS*$(0)OH1(0)H(0)OS(0)CDX(1)OB(0)NE1B(0)CE1A(0)CT3(0)HB(0)HA(0)HB(0)NH3(2)NHZ(1)NHZ(2)	CA(1)CDX(1)NH3(2)NHZ(1)NHZ(2)
CA$(1)CA*$(0)CA*$(0)NX*$(0)CAS*$(0)CAS*$(0)OH1(0)H(0)OS(0)CDX(1)OB(0)NE1B(0)CE1A(0)CT3(0)HB(0)HA(0)HB(0)NH3(2)NHZ(1)NHZ(2)	CA(1)CDX(1)NH3(2)NHZ(1)NHZ(2)
